<?xml version="1.0" encoding="UTF-8"?>
<testsuite name="test_account_deposit_tests.TestAccountDeposit-20250325152541" tests="16" file="test_account_deposit_tests.py" time="0.060" timestamp="2025-03-25T15:25:42" failures="0" errors="0" skipped="0">
	<testcase classname="test_account_deposit_tests.TestAccountDeposit" name="test_invalid_tc1" time="0.004" timestamp="2025-03-25T15:25:42"/>
	<testcase classname="test_account_deposit_tests.TestAccountDeposit" name="test_invalid_tc10" time="0.004" timestamp="2025-03-25T15:25:42"/>
	<testcase classname="test_account_deposit_tests.TestAccountDeposit" name="test_invalid_tc11" time="0.004" timestamp="2025-03-25T15:25:42"/>
	<testcase classname="test_account_deposit_tests.TestAccountDeposit" name="test_invalid_tc12" time="0.004" timestamp="2025-03-25T15:25:42"/>
	<testcase classname="test_account_deposit_tests.TestAccountDeposit" name="test_invalid_tc13" time="0.004" timestamp="2025-03-25T15:25:42"/>
	<testcase classname="test_account_deposit_tests.TestAccountDeposit" name="test_invalid_tc14" time="0.004" timestamp="2025-03-25T15:25:42"/>
	<testcase classname="test_account_deposit_tests.TestAccountDeposit" name="test_invalid_tc15" time="0.004" timestamp="2025-03-25T15:25:42"/>
	<testcase classname="test_account_deposit_tests.TestAccountDeposit" name="test_invalid_tc2" time="0.004" timestamp="2025-03-25T15:25:42"/>
	<testcase classname="test_account_deposit_tests.TestAccountDeposit" name="test_invalid_tc3" time="0.004" timestamp="2025-03-25T15:25:42"/>
	<testcase classname="test_account_deposit_tests.TestAccountDeposit" name="test_invalid_tc4" time="0.004" timestamp="2025-03-25T15:25:42"/>
	<testcase classname="test_account_deposit_tests.TestAccountDeposit" name="test_invalid_tc5" time="0.004" timestamp="2025-03-25T15:25:42"/>
	<testcase classname="test_account_deposit_tests.TestAccountDeposit" name="test_invalid_tc6" time="0.004" timestamp="2025-03-25T15:25:42"/>
	<testcase classname="test_account_deposit_tests.TestAccountDeposit" name="test_invalid_tc7" time="0.004" timestamp="2025-03-25T15:25:42"/>
	<testcase classname="test_account_deposit_tests.TestAccountDeposit" name="test_invalid_tc8" time="0.004" timestamp="2025-03-25T15:25:42"/>
	<testcase classname="test_account_deposit_tests.TestAccountDeposit" name="test_invalid_tc9" time="0.004" timestamp="2025-03-25T15:25:42"/>
	<testcase classname="test_account_deposit_tests.TestAccountDeposit" name="test_valid_tc1" time="0.004" timestamp="2025-03-25T15:25:42"/>
</testsuite>
