<?xml version="1.0" encoding="UTF-8"?>
<testsuite name="test_calculate_balance_tests.TestAccountManager-20250325152541" tests="6" file="test_calculate_balance_tests.py" time="0.025" timestamp="2025-03-25T15:25:42" failures="0" errors="0" skipped="0">
	<testcase classname="test_calculate_balance_tests.TestAccountManager" name="test_invalid_tc1" time="0.003" timestamp="2025-03-25T15:25:42"/>
	<testcase classname="test_calculate_balance_tests.TestAccountManager" name="test_invalid_tc2" time="0.006" timestamp="2025-03-25T15:25:42"/>
	<testcase classname="test_calculate_balance_tests.TestAccountManager" name="test_invalid_tc3" time="0.004" timestamp="2025-03-25T15:25:42"/>
	<testcase classname="test_calculate_balance_tests.TestAccountManager" name="test_invalid_tc4" time="0.004" timestamp="2025-03-25T15:25:42"/>
	<testcase classname="test_calculate_balance_tests.TestAccountManager" name="test_valid_tc1" time="0.004" timestamp="2025-03-25T15:25:42"/>
	<testcase classname="test_calculate_balance_tests.TestAccountManager" name="test_valid_tc2" time="0.004" timestamp="2025-03-25T15:25:42"/>
</testsuite>
